TN:
SF:/home/chibyke/dev/GA/fuzz-kittyfi/lib/chainlink-brownie-contracts/contracts/src/v0.8/shared/interfaces/AggregatorInterface.sol
end_of_record
SF:/home/chibyke/dev/GA/fuzz-kittyfi/lib/chainlink-brownie-contracts/contracts/src/v0.8/shared/interfaces/AggregatorV2V3Interface.sol
end_of_record
SF:/home/chibyke/dev/GA/fuzz-kittyfi/lib/chainlink-brownie-contracts/contracts/src/v0.8/shared/interfaces/AggregatorV3Interface.sol
end_of_record
SF:/home/chibyke/dev/GA/fuzz-kittyfi/lib/chainlink-brownie-contracts/contracts/src/v0.8/tests/MockV3Aggregator.sol
DA:15,0
DA:17,0
DA:18,0
DA:19,0
DA:20,0
DA:22,0
DA:23,0
DA:27,0
DA:28,0
DA:32,0
DA:33,0
DA:34,0
DA:35,0
DA:36,0
DA:37,0
DA:41,0
DA:42,0
DA:43,0
DA:44,0
DA:45,0
DA:46,0
DA:55,0
DA:57,0
DA:64,0
DA:67,0
DA:68,0
DA:69,0
DA:70,0
DA:71,0
DA:75,0
DA:76,0
FN:31,updateAnswer
FNDA:0,updateAnswer
FN:40,updateRoundData
FNDA:0,updateRoundData
FN:49,getRoundData
FNDA:0,getRoundData
FN:60,latestRoundData
FNDA:0,latestRoundData
FN:75,description
FNDA:0,description
end_of_record
SF:/home/chibyke/dev/GA/fuzz-kittyfi/lib/forge-std/src/Base.sol
DA:10,0
DA:34,0
end_of_record
SF:/home/chibyke/dev/GA/fuzz-kittyfi/lib/forge-std/src/Script.sol
DA:27,1
end_of_record
SF:/home/chibyke/dev/GA/fuzz-kittyfi/lib/forge-std/src/StdAssertions.sol
DA:8,0
DA:36,0
DA:40,0
DA:41,0
DA:42,0
DA:44,0
DA:95,0
DA:96,0
DA:135,0
DA:136,0
FN:40,failed
FNDA:0,failed
FN:48,fail
FNDA:0,fail
FN:53,fail
FNDA:0,fail
FN:58,assertTrue
FNDA:0,assertTrue
FN:64,assertTrue
FNDA:0,assertTrue
FN:70,assertFalse
FNDA:0,assertFalse
FN:76,assertFalse
FNDA:0,assertFalse
FN:82,assertEq
FNDA:0,assertEq
FN:88,assertEq
FNDA:0,assertEq
FN:94,assertEq
FNDA:0,assertEq
FN:100,assertEq
FNDA:0,assertEq
FN:106,assertEqDecimal
FNDA:0,assertEqDecimal
FN:110,assertEqDecimal
FNDA:0,assertEqDecimal
FN:114,assertEq
FNDA:0,assertEq
FN:120,assertEq
FNDA:0,assertEq
FN:126,assertEqDecimal
FNDA:0,assertEqDecimal
FN:130,assertEqDecimal
FNDA:0,assertEqDecimal
FN:134,assertEq
FNDA:0,assertEq
FN:140,assertEq
FNDA:0,assertEq
FN:146,assertEq
FNDA:0,assertEq
FN:152,assertEq
FNDA:0,assertEq
FN:158,assertEq32
FNDA:0,assertEq32
FN:164,assertEq32
FNDA:0,assertEq32
FN:170,assertEq
FNDA:0,assertEq
FN:174,assertEq
FNDA:0,assertEq
FN:178,assertEq
FNDA:0,assertEq
FN:182,assertEq
FNDA:0,assertEq
FN:186,assertEq
FNDA:0,assertEq
FN:190,assertEq
FNDA:0,assertEq
FN:194,assertEq
FNDA:0,assertEq
FN:198,assertEq
FNDA:0,assertEq
FN:202,assertEq
FNDA:0,assertEq
FN:206,assertEq
FNDA:0,assertEq
FN:210,assertEq
FNDA:0,assertEq
FN:214,assertEq
FNDA:0,assertEq
FN:218,assertEq
FNDA:0,assertEq
FN:222,assertEq
FNDA:0,assertEq
FN:226,assertEq
FNDA:0,assertEq
FN:230,assertEq
FNDA:0,assertEq
FN:234,assertEq
FNDA:0,assertEq
FN:238,assertEq
FNDA:0,assertEq
FN:243,assertEqUint
FNDA:0,assertEqUint
FN:247,assertNotEq
FNDA:0,assertNotEq
FN:253,assertNotEq
FNDA:0,assertNotEq
FN:259,assertNotEq
FNDA:0,assertNotEq
FN:265,assertNotEq
FNDA:0,assertNotEq
FN:271,assertNotEqDecimal
FNDA:0,assertNotEqDecimal
FN:275,assertNotEqDecimal
FNDA:0,assertNotEqDecimal
FN:283,assertNotEq
FNDA:0,assertNotEq
FN:289,assertNotEq
FNDA:0,assertNotEq
FN:295,assertNotEqDecimal
FNDA:0,assertNotEqDecimal
FN:299,assertNotEqDecimal
FNDA:0,assertNotEqDecimal
FN:303,assertNotEq
FNDA:0,assertNotEq
FN:309,assertNotEq
FNDA:0,assertNotEq
FN:315,assertNotEq
FNDA:0,assertNotEq
FN:321,assertNotEq
FNDA:0,assertNotEq
FN:327,assertNotEq32
FNDA:0,assertNotEq32
FN:333,assertNotEq32
FNDA:0,assertNotEq32
FN:339,assertNotEq
FNDA:0,assertNotEq
FN:343,assertNotEq
FNDA:0,assertNotEq
FN:347,assertNotEq
FNDA:0,assertNotEq
FN:351,assertNotEq
FNDA:0,assertNotEq
FN:355,assertNotEq
FNDA:0,assertNotEq
FN:359,assertNotEq
FNDA:0,assertNotEq
FN:363,assertNotEq
FNDA:0,assertNotEq
FN:367,assertNotEq
FNDA:0,assertNotEq
FN:371,assertNotEq
FNDA:0,assertNotEq
FN:375,assertNotEq
FNDA:0,assertNotEq
FN:379,assertNotEq
FNDA:0,assertNotEq
FN:383,assertNotEq
FNDA:0,assertNotEq
FN:387,assertNotEq
FNDA:0,assertNotEq
FN:391,assertNotEq
FNDA:0,assertNotEq
FN:395,assertNotEq
FNDA:0,assertNotEq
FN:399,assertNotEq
FNDA:0,assertNotEq
FN:403,assertNotEq
FNDA:0,assertNotEq
FN:407,assertNotEq
FNDA:0,assertNotEq
FN:411,assertLt
FNDA:0,assertLt
FN:417,assertLt
FNDA:0,assertLt
FN:423,assertLtDecimal
FNDA:0,assertLtDecimal
FN:427,assertLtDecimal
FNDA:0,assertLtDecimal
FN:431,assertLt
FNDA:0,assertLt
FN:437,assertLt
FNDA:0,assertLt
FN:443,assertLtDecimal
FNDA:0,assertLtDecimal
FN:447,assertLtDecimal
FNDA:0,assertLtDecimal
FN:451,assertGt
FNDA:0,assertGt
FN:457,assertGt
FNDA:0,assertGt
FN:463,assertGtDecimal
FNDA:0,assertGtDecimal
FN:467,assertGtDecimal
FNDA:0,assertGtDecimal
FN:471,assertGt
FNDA:0,assertGt
FN:477,assertGt
FNDA:0,assertGt
FN:483,assertGtDecimal
FNDA:0,assertGtDecimal
FN:487,assertGtDecimal
FNDA:0,assertGtDecimal
FN:491,assertLe
FNDA:0,assertLe
FN:497,assertLe
FNDA:0,assertLe
FN:503,assertLeDecimal
FNDA:0,assertLeDecimal
FN:507,assertLeDecimal
FNDA:0,assertLeDecimal
FN:511,assertLe
FNDA:0,assertLe
FN:517,assertLe
FNDA:0,assertLe
FN:523,assertLeDecimal
FNDA:0,assertLeDecimal
FN:527,assertLeDecimal
FNDA:0,assertLeDecimal
FN:531,assertGe
FNDA:0,assertGe
FN:537,assertGe
FNDA:0,assertGe
FN:543,assertGeDecimal
FNDA:0,assertGeDecimal
FN:547,assertGeDecimal
FNDA:0,assertGeDecimal
FN:551,assertGe
FNDA:0,assertGe
FN:557,assertGe
FNDA:0,assertGe
FN:563,assertGeDecimal
FNDA:0,assertGeDecimal
FN:567,assertGeDecimal
FNDA:0,assertGeDecimal
FN:571,assertApproxEqAbs
FNDA:0,assertApproxEqAbs
FN:575,assertApproxEqAbs
FNDA:0,assertApproxEqAbs
FN:583,assertApproxEqAbsDecimal
FNDA:0,assertApproxEqAbsDecimal
FN:591,assertApproxEqAbsDecimal
FNDA:0,assertApproxEqAbsDecimal
FN:601,assertApproxEqAbs
FNDA:0,assertApproxEqAbs
FN:605,assertApproxEqAbs
FNDA:0,assertApproxEqAbs
FN:609,assertApproxEqAbsDecimal
FNDA:0,assertApproxEqAbsDecimal
FN:617,assertApproxEqAbsDecimal
FNDA:0,assertApproxEqAbsDecimal
FN:625,assertApproxEqRel
FNDA:0,assertApproxEqRel
FN:633,assertApproxEqRel
FNDA:0,assertApproxEqRel
FN:642,assertApproxEqRelDecimal
FNDA:0,assertApproxEqRelDecimal
FN:651,assertApproxEqRelDecimal
FNDA:0,assertApproxEqRelDecimal
FN:661,assertApproxEqRel
FNDA:0,assertApproxEqRel
FN:665,assertApproxEqRel
FNDA:0,assertApproxEqRel
FN:674,assertApproxEqRelDecimal
FNDA:0,assertApproxEqRelDecimal
FN:683,assertApproxEqRelDecimal
FNDA:0,assertApproxEqRelDecimal
FN:694,checkEq0
FNDA:0,checkEq0
FN:698,assertEq0
FNDA:0,assertEq0
FN:702,assertEq0
FNDA:0,assertEq0
FN:706,assertNotEq0
FNDA:0,assertNotEq0
FN:710,assertNotEq0
FNDA:0,assertNotEq0
FN:714,assertEqCall
FNDA:0,assertEqCall
FN:718,assertEqCall
FNDA:0,assertEqCall
FN:725,assertEqCall
FNDA:0,assertEqCall
FN:732,assertEqCall
FNDA:0,assertEqCall
end_of_record
SF:/home/chibyke/dev/GA/fuzz-kittyfi/lib/forge-std/src/StdChains.sol
DA:66,1
FN:69,getChain
FNDA:0,getChain
FN:82,getChain
FNDA:0,getChain
FN:98,setChain
FNDA:0,setChain
FN:131,setChain
FNDA:0,setChain
FN:135,_toUpper
FNDA:0,_toUpper
FN:151,getChainWithUpdatedRpcUrl
FNDA:0,getChainWithUpdatedRpcUrl
FN:188,setFallbackToDefaultRpcUrls
FNDA:0,setFallbackToDefaultRpcUrls
FN:192,initializeStdChains
FNDA:0,initializeStdChains
FN:279,setChainWithDefaultRpcUrl
FNDA:0,setChainWithDefaultRpcUrl
end_of_record
SF:/home/chibyke/dev/GA/fuzz-kittyfi/lib/forge-std/src/StdCheats.sol
DA:10,1
DA:11,0
DA:544,0
DA:545,0
DA:546,0
DA:547,0
DA:551,0
DA:552,0
DA:651,0
DA:731,0
DA:742,0
DA:743,0
DA:746,0
DA:750,0
DA:751,0
DA:752,0
DA:753,0
DA:755,0
DA:757,0
FN:209,assumeNotBlacklisted
FNDA:0,assumeNotBlacklisted
FN:233,assumeNoBlacklisted
FNDA:0,assumeNoBlacklisted
FN:237,assumeAddressIsNot
FNDA:0,assumeAddressIsNot
FN:251,assumeAddressIsNot
FNDA:0,assumeAddressIsNot
FN:256,assumeAddressIsNot
FNDA:0,assumeAddressIsNot
FN:267,assumeAddressIsNot
FNDA:0,assumeAddressIsNot
FN:284,_isPayable
FNDA:0,_isPayable
FN:305,assumePayable
FNDA:0,assumePayable
FN:309,assumeNotPayable
FNDA:0,assumeNotPayable
FN:313,assumeNotZeroAddress
FNDA:0,assumeNotZeroAddress
FN:317,assumeNotPrecompile
FNDA:0,assumeNotPrecompile
FN:321,assumeNotPrecompile
FNDA:0,assumeNotPrecompile
FN:344,assumeNotForgeAddress
FNDA:0,assumeNotForgeAddress
FN:352,assumeUnusedAddress
FNDA:0,assumeUnusedAddress
FN:364,readEIP1559ScriptArtifact
FNDA:0,readEIP1559ScriptArtifact
FN:384,rawToConvertedEIPTx1559s
FNDA:0,rawToConvertedEIPTx1559s
FN:392,rawToConvertedEIPTx1559
FNDA:0,rawToConvertedEIPTx1559
FN:403,rawToConvertedEIP1559Detail
FNDA:0,rawToConvertedEIP1559Detail
FN:421,readTx1559s
FNDA:0,readTx1559s
FN:428,readTx1559
FNDA:0,readTx1559
FN:437,readReceipts
FNDA:0,readReceipts
FN:444,readReceipt
FNDA:0,readReceipt
FN:452,rawToConvertedReceipts
FNDA:0,rawToConvertedReceipts
FN:460,rawToConvertedReceipt
FNDA:0,rawToConvertedReceipt
FN:478,rawToConvertedReceiptLogs
FNDA:0,rawToConvertedReceiptLogs
FN:502,deployCode
FNDA:0,deployCode
FN:512,deployCode
FNDA:0,deployCode
FN:523,deployCode
FNDA:0,deployCode
FN:533,deployCode
FNDA:0,deployCode
FN:544,makeAddrAndKey
FNDA:0,makeAddrAndKey
FN:551,makeAddr
FNDA:0,makeAddr
FN:559,destroyAccount
FNDA:0,destroyAccount
FN:570,makeAccount
FNDA:0,makeAccount
FN:574,deriveRememberKey
FNDA:0,deriveRememberKey
FN:583,_bytesToUint
FNDA:0,_bytesToUint
FN:588,isFork
FNDA:0,isFork
FN:631,_viewChainId
FNDA:0,_viewChainId
FN:640,_pureChainId
FNDA:0,_pureChainId
FN:659,skip
FNDA:0,skip
FN:663,rewind
FNDA:0,rewind
FN:668,hoax
FNDA:0,hoax
FN:673,hoax
FNDA:0,hoax
FN:678,hoax
FNDA:0,hoax
FN:683,hoax
FNDA:0,hoax
FN:689,startHoax
FNDA:0,startHoax
FN:694,startHoax
FNDA:0,startHoax
FN:701,startHoax
FNDA:0,startHoax
FN:706,startHoax
FNDA:0,startHoax
FN:711,changePrank
FNDA:0,changePrank
FN:717,changePrank
FNDA:0,changePrank
FN:724,deal
FNDA:0,deal
FN:730,deal
FNDA:0,deal
FN:736,dealERC1155
FNDA:0,dealERC1155
FN:740,deal
FNDA:0,deal
FN:761,dealERC1155
FNDA:0,dealERC1155
FN:786,dealERC721
FNDA:0,dealERC721
FN:808,deployCodeTo
FNDA:0,deployCodeTo
FN:812,deployCodeTo
FNDA:0,deployCodeTo
FN:816,deployCodeTo
FNDA:0,deployCodeTo
FN:825,console2_log_StdCheats
FNDA:0,console2_log_StdCheats
end_of_record
SF:/home/chibyke/dev/GA/fuzz-kittyfi/lib/forge-std/src/StdConstants.sol
DA:7,12
end_of_record
SF:/home/chibyke/dev/GA/fuzz-kittyfi/lib/forge-std/src/StdError.sol
DA:5,1
DA:6,75
DA:7,0
DA:8,2
DA:9,48
DA:10,1
DA:11,0
DA:12,2
DA:13,25
DA:14,30
end_of_record
SF:/home/chibyke/dev/GA/fuzz-kittyfi/lib/forge-std/src/StdInvariant.sol
DA:6,0
DA:83,0
DA:84,0
DA:87,0
DA:88,0
DA:91,0
DA:92,0
DA:95,0
DA:96,0
DA:99,0
DA:100,0
DA:103,0
DA:104,0
DA:107,0
DA:108,0
DA:111,0
DA:112,0
DA:115,0
DA:116,0
DA:119,0
DA:120,0
FN:40,excludeContract
FNDA:0,excludeContract
FN:44,excludeSelector
FNDA:0,excludeSelector
FN:48,excludeSender
FNDA:0,excludeSender
FN:52,excludeArtifact
FNDA:0,excludeArtifact
FN:56,targetArtifact
FNDA:0,targetArtifact
FN:60,targetArtifactSelector
FNDA:0,targetArtifactSelector
FN:64,targetContract
FNDA:0,targetContract
FN:68,targetSelector
FNDA:0,targetSelector
FN:72,targetSender
FNDA:0,targetSender
FN:76,targetInterface
FNDA:0,targetInterface
FN:83,excludeArtifacts
FNDA:0,excludeArtifacts
FN:87,excludeContracts
FNDA:0,excludeContracts
FN:91,excludeSelectors
FNDA:0,excludeSelectors
FN:95,excludeSenders
FNDA:0,excludeSenders
FN:99,targetArtifacts
FNDA:0,targetArtifacts
FN:103,targetArtifactSelectors
FNDA:0,targetArtifactSelectors
FN:107,targetContracts
FNDA:0,targetContracts
FN:111,targetSelectors
FNDA:0,targetSelectors
FN:115,targetSenders
FNDA:0,targetSenders
FN:119,targetInterfaces
FNDA:0,targetInterfaces
end_of_record
SF:/home/chibyke/dev/GA/fuzz-kittyfi/lib/forge-std/src/StdJson.sol
DA:25,12
FN:28,keyExists
FNDA:0,keyExists
FN:32,parseRaw
FNDA:0,parseRaw
FN:36,readUint
FNDA:0,readUint
FN:40,readUintArray
FNDA:0,readUintArray
FN:44,readInt
FNDA:0,readInt
FN:48,readIntArray
FNDA:0,readIntArray
FN:52,readBytes32
FNDA:0,readBytes32
FN:56,readBytes32Array
FNDA:0,readBytes32Array
FN:60,readString
FNDA:0,readString
FN:64,readStringArray
FNDA:0,readStringArray
FN:68,readAddress
FNDA:0,readAddress
FN:72,readAddressArray
FNDA:0,readAddressArray
FN:76,readBool
FNDA:0,readBool
FN:80,readBoolArray
FNDA:0,readBoolArray
FN:84,readBytes
FNDA:0,readBytes
FN:88,readBytesArray
FNDA:0,readBytesArray
FN:92,readUintOr
FNDA:0,readUintOr
FN:96,readUintArrayOr
FNDA:0,readUintArrayOr
FN:104,readIntOr
FNDA:0,readIntOr
FN:108,readIntArrayOr
FNDA:0,readIntArrayOr
FN:116,readBytes32Or
FNDA:0,readBytes32Or
FN:124,readBytes32ArrayOr
FNDA:0,readBytes32ArrayOr
FN:132,readStringOr
FNDA:0,readStringOr
FN:140,readStringArrayOr
FNDA:0,readStringArrayOr
FN:148,readAddressOr
FNDA:0,readAddressOr
FN:156,readAddressArrayOr
FNDA:0,readAddressArrayOr
FN:164,readBoolOr
FNDA:0,readBoolOr
FN:168,readBoolArrayOr
FNDA:0,readBoolArrayOr
FN:176,readBytesOr
FNDA:0,readBytesOr
FN:184,readBytesArrayOr
FNDA:0,readBytesArrayOr
FN:192,serialize
FNDA:0,serialize
FN:196,serialize
FNDA:0,serialize
FN:200,serialize
FNDA:0,serialize
FN:207,serialize
FNDA:0,serialize
FN:211,serialize
FNDA:0,serialize
FN:218,serialize
FNDA:0,serialize
FN:222,serialize
FNDA:0,serialize
FN:229,serialize
FNDA:0,serialize
FN:233,serialize
FNDA:0,serialize
FN:240,serialize
FNDA:0,serialize
FN:244,serialize
FNDA:0,serialize
FN:251,serialize
FNDA:0,serialize
FN:255,serialize
FNDA:0,serialize
FN:262,serialize
FNDA:0,serialize
FN:269,serialize
FNDA:0,serialize
FN:276,write
FNDA:0,write
FN:280,write
FNDA:0,write
end_of_record
SF:/home/chibyke/dev/GA/fuzz-kittyfi/lib/forge-std/src/StdMath.sol
DA:4,12
FN:7,abs
FNDA:0,abs
FN:16,delta
FNDA:0,delta
FN:20,delta
FNDA:0,delta
FN:31,percentDelta
FNDA:0,percentDelta
FN:37,percentDelta
FNDA:0,percentDelta
end_of_record
SF:/home/chibyke/dev/GA/fuzz-kittyfi/lib/forge-std/src/StdStorage.sol
DA:24,12
DA:28,0
DA:29,0
DA:35,0
DA:36,0
DA:37,0
DA:39,0
DA:44,0
DA:45,0
DA:46,0
DA:47,0
DA:49,0
DA:55,0
DA:56,0
DA:57,0
DA:59,0
DA:60,0
DA:62,0
DA:64,0
DA:66,0
DA:71,0
DA:72,0
DA:73,0
DA:74,0
DA:76,0
DA:78,0
DA:79,0
DA:82,0
DA:85,0
DA:86,0
DA:88,0
DA:89,0
DA:92,0
DA:93,0
DA:107,0
DA:108,0
DA:109,0
DA:110,0
DA:113,0
DA:114,0
DA:115,0
DA:117,0
DA:119,0
DA:120,0
DA:121,0
DA:123,0
DA:124,0
DA:126,0
DA:127,0
DA:128,0
DA:129,0
DA:132,0
DA:133,0
DA:136,0
DA:138,0
DA:139,0
DA:140,0
DA:141,0
DA:142,0
DA:147,0
DA:149,0
DA:150,0
DA:153,0
DA:154,0
DA:155,0
DA:161,0
DA:166,0
DA:168,0
DA:172,0
DA:173,0
DA:177,0
DA:178,0
DA:192,0
DA:193,0
DA:282,0
DA:283,0
DA:285,0
DA:286,0
DA:287,0
DA:289,0
DA:292,0
DA:293,0
DA:294,0
DA:295,0
DA:297,0
DA:302,0
DA:306,0
DA:307,0
DA:308,0
DA:309,0
DA:310,0
DA:311,0
DA:316,0
DA:319,0
DA:328,0
DA:330,0
DA:334,12
DA:335,0
DA:345,0
DA:346,0
DA:350,0
DA:354,0
DA:362,0
DA:386,0
DA:394,0
DA:411,0
DA:412,0
DA:413,0
DA:414,0
DA:416,0
DA:417,0
DA:419,0
DA:420,0
DA:421,0
DA:423,0
DA:427,0
DA:432,0
DA:433,0
DA:435,0
DA:437,0
DA:439,0
DA:440,0
DA:441,0
DA:443,0
FN:31,sigs
FNDA:0,sigs
FN:35,getCallParams
FNDA:0,getCallParams
FN:44,callTarget
FNDA:0,callTarget
FN:55,checkSlotMutatesCall
FNDA:0,checkSlotMutatesCall
FN:71,findOffset
FNDA:0,findOffset
FN:85,findOffsets
FNDA:0,findOffsets
FN:96,find
FNDA:0,find
FN:106,find
FNDA:0,find
FN:171,target
FNDA:0,target
FN:176,sig
FNDA:0,sig
FN:181,sig
FNDA:0,sig
FN:186,with_calldata
FNDA:0,with_calldata
FN:191,with_key
FNDA:0,with_key
FN:196,with_key
FNDA:0,with_key
FN:201,with_key
FNDA:0,with_key
FN:206,enable_packed_slots
FNDA:0,enable_packed_slots
FN:211,depth
FNDA:0,depth
FN:216,read
FNDA:0,read
FN:224,read_bytes32
FNDA:0,read_bytes32
FN:228,read_bool
FNDA:0,read_bool
FN:235,read_address
FNDA:0,read_address
FN:239,read_uint
FNDA:0,read_uint
FN:243,read_int
FNDA:0,read_int
FN:247,parent
FNDA:0,parent
FN:261,root
FNDA:0,root
FN:282,bytesToBytes32
FNDA:0,bytesToBytes32
FN:292,flatten
FNDA:0,flatten
FN:305,clear
FNDA:0,clear
FN:316,getMaskByOffsets
FNDA:0,getMaskByOffsets
FN:325,getUpdatedSlotValue
FNDA:0,getUpdatedSlotValue
FN:337,sigs
FNDA:0,sigs
FN:341,find
FNDA:0,find
FN:345,find
FNDA:0,find
FN:349,target
FNDA:0,target
FN:353,sig
FNDA:0,sig
FN:357,sig
FNDA:0,sig
FN:361,with_key
FNDA:0,with_key
FN:365,with_key
FNDA:0,with_key
FN:369,with_key
FNDA:0,with_key
FN:373,with_calldata
FNDA:0,with_calldata
FN:377,enable_packed_slots
FNDA:0,enable_packed_slots
FN:381,depth
FNDA:0,depth
FN:385,clear
FNDA:0,clear
FN:389,checked_write
FNDA:0,checked_write
FN:393,checked_write
FNDA:0,checked_write
FN:397,checked_write_int
FNDA:0,checked_write_int
FN:401,checked_write
FNDA:0,checked_write
FN:410,checked_write
FNDA:0,checked_write
FN:446,read_bytes32
FNDA:0,read_bytes32
FN:450,read_bool
FNDA:0,read_bool
FN:454,read_address
FNDA:0,read_address
FN:458,read_uint
FNDA:0,read_uint
FN:462,read_int
FNDA:0,read_int
FN:466,parent
FNDA:0,parent
FN:470,root
FNDA:0,root
end_of_record
SF:/home/chibyke/dev/GA/fuzz-kittyfi/lib/forge-std/src/StdStyle.sol
DA:6,12
FN:22,styleConcat
FNDA:0,styleConcat
FN:26,red
FNDA:0,red
FN:30,red
FNDA:0,red
FN:34,red
FNDA:0,red
FN:38,red
FNDA:0,red
FN:42,red
FNDA:0,red
FN:46,redBytes
FNDA:0,redBytes
FN:50,redBytes32
FNDA:0,redBytes32
FN:54,green
FNDA:0,green
FN:58,green
FNDA:0,green
FN:62,green
FNDA:0,green
FN:66,green
FNDA:0,green
FN:70,green
FNDA:0,green
FN:74,greenBytes
FNDA:0,greenBytes
FN:78,greenBytes32
FNDA:0,greenBytes32
FN:82,yellow
FNDA:0,yellow
FN:86,yellow
FNDA:0,yellow
FN:90,yellow
FNDA:0,yellow
FN:94,yellow
FNDA:0,yellow
FN:98,yellow
FNDA:0,yellow
FN:102,yellowBytes
FNDA:0,yellowBytes
FN:106,yellowBytes32
FNDA:0,yellowBytes32
FN:110,blue
FNDA:0,blue
FN:114,blue
FNDA:0,blue
FN:118,blue
FNDA:0,blue
FN:122,blue
FNDA:0,blue
FN:126,blue
FNDA:0,blue
FN:130,blueBytes
FNDA:0,blueBytes
FN:134,blueBytes32
FNDA:0,blueBytes32
FN:138,magenta
FNDA:0,magenta
FN:142,magenta
FNDA:0,magenta
FN:146,magenta
FNDA:0,magenta
FN:150,magenta
FNDA:0,magenta
FN:154,magenta
FNDA:0,magenta
FN:158,magentaBytes
FNDA:0,magentaBytes
FN:162,magentaBytes32
FNDA:0,magentaBytes32
FN:166,cyan
FNDA:0,cyan
FN:170,cyan
FNDA:0,cyan
FN:174,cyan
FNDA:0,cyan
FN:178,cyan
FNDA:0,cyan
FN:182,cyan
FNDA:0,cyan
FN:186,cyanBytes
FNDA:0,cyanBytes
FN:190,cyanBytes32
FNDA:0,cyanBytes32
FN:194,bold
FNDA:0,bold
FN:198,bold
FNDA:0,bold
FN:202,bold
FNDA:0,bold
FN:206,bold
FNDA:0,bold
FN:210,bold
FNDA:0,bold
FN:214,boldBytes
FNDA:0,boldBytes
FN:218,boldBytes32
FNDA:0,boldBytes32
FN:222,dim
FNDA:0,dim
FN:226,dim
FNDA:0,dim
FN:230,dim
FNDA:0,dim
FN:234,dim
FNDA:0,dim
FN:238,dim
FNDA:0,dim
FN:242,dimBytes
FNDA:0,dimBytes
FN:246,dimBytes32
FNDA:0,dimBytes32
FN:250,italic
FNDA:0,italic
FN:254,italic
FNDA:0,italic
FN:258,italic
FNDA:0,italic
FN:262,italic
FNDA:0,italic
FN:266,italic
FNDA:0,italic
FN:270,italicBytes
FNDA:0,italicBytes
FN:274,italicBytes32
FNDA:0,italicBytes32
FN:278,underline
FNDA:0,underline
FN:282,underline
FNDA:0,underline
FN:286,underline
FNDA:0,underline
FN:290,underline
FNDA:0,underline
FN:294,underline
FNDA:0,underline
FN:298,underlineBytes
FNDA:0,underlineBytes
FN:302,underlineBytes32
FNDA:0,underlineBytes32
FN:306,inverse
FNDA:0,inverse
FN:310,inverse
FNDA:0,inverse
FN:314,inverse
FNDA:0,inverse
FN:318,inverse
FNDA:0,inverse
FN:322,inverse
FNDA:0,inverse
FN:326,inverseBytes
FNDA:0,inverseBytes
FN:330,inverseBytes32
FNDA:0,inverseBytes32
end_of_record
SF:/home/chibyke/dev/GA/fuzz-kittyfi/lib/forge-std/src/StdToml.sol
DA:25,12
FN:28,keyExists
FNDA:0,keyExists
FN:32,parseRaw
FNDA:0,parseRaw
FN:36,readUint
FNDA:0,readUint
FN:40,readUintArray
FNDA:0,readUintArray
FN:44,readInt
FNDA:0,readInt
FN:48,readIntArray
FNDA:0,readIntArray
FN:52,readBytes32
FNDA:0,readBytes32
FN:56,readBytes32Array
FNDA:0,readBytes32Array
FN:60,readString
FNDA:0,readString
FN:64,readStringArray
FNDA:0,readStringArray
FN:68,readAddress
FNDA:0,readAddress
FN:72,readAddressArray
FNDA:0,readAddressArray
FN:76,readBool
FNDA:0,readBool
FN:80,readBoolArray
FNDA:0,readBoolArray
FN:84,readBytes
FNDA:0,readBytes
FN:88,readBytesArray
FNDA:0,readBytesArray
FN:92,readUintOr
FNDA:0,readUintOr
FN:96,readUintArrayOr
FNDA:0,readUintArrayOr
FN:104,readIntOr
FNDA:0,readIntOr
FN:108,readIntArrayOr
FNDA:0,readIntArrayOr
FN:116,readBytes32Or
FNDA:0,readBytes32Or
FN:124,readBytes32ArrayOr
FNDA:0,readBytes32ArrayOr
FN:132,readStringOr
FNDA:0,readStringOr
FN:140,readStringArrayOr
FNDA:0,readStringArrayOr
FN:148,readAddressOr
FNDA:0,readAddressOr
FN:156,readAddressArrayOr
FNDA:0,readAddressArrayOr
FN:164,readBoolOr
FNDA:0,readBoolOr
FN:168,readBoolArrayOr
FNDA:0,readBoolArrayOr
FN:176,readBytesOr
FNDA:0,readBytesOr
FN:184,readBytesArrayOr
FNDA:0,readBytesArrayOr
FN:192,serialize
FNDA:0,serialize
FN:196,serialize
FNDA:0,serialize
FN:200,serialize
FNDA:0,serialize
FN:207,serialize
FNDA:0,serialize
FN:211,serialize
FNDA:0,serialize
FN:218,serialize
FNDA:0,serialize
FN:222,serialize
FNDA:0,serialize
FN:229,serialize
FNDA:0,serialize
FN:233,serialize
FNDA:0,serialize
FN:240,serialize
FNDA:0,serialize
FN:244,serialize
FNDA:0,serialize
FN:251,serialize
FNDA:0,serialize
FN:255,serialize
FNDA:0,serialize
FN:262,serialize
FNDA:0,serialize
FN:269,serialize
FNDA:0,serialize
FN:276,write
FNDA:0,write
FN:280,write
FNDA:0,write
end_of_record
SF:/home/chibyke/dev/GA/fuzz-kittyfi/lib/forge-std/src/StdUtils.sol
DA:9,1
FN:31,_bound
FNDA:0,_bound
FN:58,bound
FNDA:0,bound
FN:63,_bound
FNDA:0,_bound
FN:83,bound
FNDA:0,bound
FN:88,boundPrivateKey
FNDA:0,boundPrivateKey
FN:92,bytesToUint
FNDA:0,bytesToUint
FN:98,computeCreateAddress
FNDA:0,computeCreateAddress
FN:103,computeCreate2Address
FNDA:0,computeCreate2Address
FN:114,computeCreate2Address
FNDA:0,computeCreate2Address
FN:121,hashInitCode
FNDA:0,hashInitCode
FN:128,hashInitCode
FNDA:0,hashInitCode
FN:133,getTokenBalances
FNDA:0,getTokenBalances
FN:166,addressFromLast20Bytes
FNDA:0,addressFromLast20Bytes
FN:173,_castLogPayloadViewToPure
FNDA:0,_castLogPayloadViewToPure
FN:183,_sendLogPayload
FNDA:0,_sendLogPayload
FN:187,_sendLogPayloadView
FNDA:0,_sendLogPayloadView
FN:197,console2_log_StdUtils
FNDA:0,console2_log_StdUtils
FN:201,console2_log_StdUtils
FNDA:0,console2_log_StdUtils
FN:205,console2_log_StdUtils
FNDA:0,console2_log_StdUtils
end_of_record
SF:/home/chibyke/dev/GA/fuzz-kittyfi/lib/forge-std/src/Test.sol
DA:33,0
end_of_record
SF:/home/chibyke/dev/GA/fuzz-kittyfi/lib/forge-std/src/Vm.sol
end_of_record
SF:/home/chibyke/dev/GA/fuzz-kittyfi/lib/forge-std/src/console.sol
DA:4,12
FN:8,_sendLogPayloadImplementation
FNDA:0,_sendLogPayloadImplementation
FN:25,_castToPure
FNDA:0,_castToPure
FN:33,_sendLogPayload
FNDA:0,_sendLogPayload
FN:37,log
FNDA:0,log
FN:41,logInt
FNDA:0,logInt
FN:45,logUint
FNDA:0,logUint
FN:49,logString
FNDA:0,logString
FN:53,logBool
FNDA:0,logBool
FN:57,logAddress
FNDA:0,logAddress
FN:61,logBytes
FNDA:0,logBytes
FN:65,logBytes1
FNDA:0,logBytes1
FN:69,logBytes2
FNDA:0,logBytes2
FN:73,logBytes3
FNDA:0,logBytes3
FN:77,logBytes4
FNDA:0,logBytes4
FN:81,logBytes5
FNDA:0,logBytes5
FN:85,logBytes6
FNDA:0,logBytes6
FN:89,logBytes7
FNDA:0,logBytes7
FN:93,logBytes8
FNDA:0,logBytes8
FN:97,logBytes9
FNDA:0,logBytes9
FN:101,logBytes10
FNDA:0,logBytes10
FN:105,logBytes11
FNDA:0,logBytes11
FN:109,logBytes12
FNDA:0,logBytes12
FN:113,logBytes13
FNDA:0,logBytes13
FN:117,logBytes14
FNDA:0,logBytes14
FN:121,logBytes15
FNDA:0,logBytes15
FN:125,logBytes16
FNDA:0,logBytes16
FN:129,logBytes17
FNDA:0,logBytes17
FN:133,logBytes18
FNDA:0,logBytes18
FN:137,logBytes19
FNDA:0,logBytes19
FN:141,logBytes20
FNDA:0,logBytes20
FN:145,logBytes21
FNDA:0,logBytes21
FN:149,logBytes22
FNDA:0,logBytes22
FN:153,logBytes23
FNDA:0,logBytes23
FN:157,logBytes24
FNDA:0,logBytes24
FN:161,logBytes25
FNDA:0,logBytes25
FN:165,logBytes26
FNDA:0,logBytes26
FN:169,logBytes27
FNDA:0,logBytes27
FN:173,logBytes28
FNDA:0,logBytes28
FN:177,logBytes29
FNDA:0,logBytes29
FN:181,logBytes30
FNDA:0,logBytes30
FN:185,logBytes31
FNDA:0,logBytes31
FN:189,logBytes32
FNDA:0,logBytes32
FN:193,log
FNDA:0,log
FN:197,log
FNDA:0,log
FN:201,log
FNDA:0,log
FN:205,log
FNDA:0,log
FN:209,log
FNDA:0,log
FN:213,log
FNDA:0,log
FN:217,log
FNDA:0,log
FN:221,log
FNDA:0,log
FN:225,log
FNDA:0,log
FN:229,log
FNDA:0,log
FN:233,log
FNDA:0,log
FN:237,log
FNDA:0,log
FN:241,log
FNDA:0,log
FN:245,log
FNDA:0,log
FN:249,log
FNDA:0,log
FN:253,log
FNDA:0,log
FN:257,log
FNDA:0,log
FN:261,log
FNDA:0,log
FN:265,log
FNDA:0,log
FN:269,log
FNDA:0,log
FN:273,log
FNDA:0,log
FN:277,log
FNDA:0,log
FN:281,log
FNDA:0,log
FN:285,log
FNDA:0,log
FN:289,log
FNDA:0,log
FN:293,log
FNDA:0,log
FN:297,log
FNDA:0,log
FN:301,log
FNDA:0,log
FN:305,log
FNDA:0,log
FN:309,log
FNDA:0,log
FN:313,log
FNDA:0,log
FN:317,log
FNDA:0,log
FN:321,log
FNDA:0,log
FN:325,log
FNDA:0,log
FN:329,log
FNDA:0,log
FN:333,log
FNDA:0,log
FN:337,log
FNDA:0,log
FN:341,log
FNDA:0,log
FN:345,log
FNDA:0,log
FN:349,log
FNDA:0,log
FN:353,log
FNDA:0,log
FN:357,log
FNDA:0,log
FN:361,log
FNDA:0,log
FN:365,log
FNDA:0,log
FN:369,log
FNDA:0,log
FN:373,log
FNDA:0,log
FN:377,log
FNDA:0,log
FN:381,log
FNDA:0,log
FN:385,log
FNDA:0,log
FN:389,log
FNDA:0,log
FN:393,log
FNDA:0,log
FN:397,log
FNDA:0,log
FN:401,log
FNDA:0,log
FN:405,log
FNDA:0,log
FN:409,log
FNDA:0,log
FN:413,log
FNDA:0,log
FN:417,log
FNDA:0,log
FN:421,log
FNDA:0,log
FN:425,log
FNDA:0,log
FN:429,log
FNDA:0,log
FN:433,log
FNDA:0,log
FN:437,log
FNDA:0,log
FN:441,log
FNDA:0,log
FN:445,log
FNDA:0,log
FN:449,log
FNDA:0,log
FN:453,log
FNDA:0,log
FN:457,log
FNDA:0,log
FN:461,log
FNDA:0,log
FN:465,log
FNDA:0,log
FN:469,log
FNDA:0,log
FN:473,log
FNDA:0,log
FN:477,log
FNDA:0,log
FN:481,log
FNDA:0,log
FN:485,log
FNDA:0,log
FN:489,log
FNDA:0,log
FN:493,log
FNDA:0,log
FN:497,log
FNDA:0,log
FN:501,log
FNDA:0,log
FN:505,log
FNDA:0,log
FN:509,log
FNDA:0,log
FN:513,log
FNDA:0,log
FN:517,log
FNDA:0,log
FN:521,log
FNDA:0,log
FN:525,log
FNDA:0,log
FN:529,log
FNDA:0,log
FN:533,log
FNDA:0,log
FN:537,log
FNDA:0,log
FN:541,log
FNDA:0,log
FN:545,log
FNDA:0,log
FN:549,log
FNDA:0,log
FN:553,log
FNDA:0,log
FN:557,log
FNDA:0,log
FN:561,log
FNDA:0,log
FN:565,log
FNDA:0,log
FN:569,log
FNDA:0,log
FN:573,log
FNDA:0,log
FN:577,log
FNDA:0,log
FN:581,log
FNDA:0,log
FN:585,log
FNDA:0,log
FN:589,log
FNDA:0,log
FN:593,log
FNDA:0,log
FN:597,log
FNDA:0,log
FN:601,log
FNDA:0,log
FN:605,log
FNDA:0,log
FN:609,log
FNDA:0,log
FN:613,log
FNDA:0,log
FN:617,log
FNDA:0,log
FN:621,log
FNDA:0,log
FN:625,log
FNDA:0,log
FN:629,log
FNDA:0,log
FN:633,log
FNDA:0,log
FN:637,log
FNDA:0,log
FN:641,log
FNDA:0,log
FN:645,log
FNDA:0,log
FN:649,log
FNDA:0,log
FN:653,log
FNDA:0,log
FN:657,log
FNDA:0,log
FN:661,log
FNDA:0,log
FN:665,log
FNDA:0,log
FN:669,log
FNDA:0,log
FN:673,log
FNDA:0,log
FN:677,log
FNDA:0,log
FN:681,log
FNDA:0,log
FN:685,log
FNDA:0,log
FN:689,log
FNDA:0,log
FN:693,log
FNDA:0,log
FN:697,log
FNDA:0,log
FN:701,log
FNDA:0,log
FN:705,log
FNDA:0,log
FN:709,log
FNDA:0,log
FN:713,log
FNDA:0,log
FN:717,log
FNDA:0,log
FN:721,log
FNDA:0,log
FN:725,log
FNDA:0,log
FN:729,log
FNDA:0,log
FN:733,log
FNDA:0,log
FN:737,log
FNDA:0,log
FN:741,log
FNDA:0,log
FN:745,log
FNDA:0,log
FN:749,log
FNDA:0,log
FN:753,log
FNDA:0,log
FN:757,log
FNDA:0,log
FN:761,log
FNDA:0,log
FN:765,log
FNDA:0,log
FN:769,log
FNDA:0,log
FN:773,log
FNDA:0,log
FN:777,log
FNDA:0,log
FN:781,log
FNDA:0,log
FN:785,log
FNDA:0,log
FN:789,log
FNDA:0,log
FN:793,log
FNDA:0,log
FN:797,log
FNDA:0,log
FN:801,log
FNDA:0,log
FN:805,log
FNDA:0,log
FN:809,log
FNDA:0,log
FN:813,log
FNDA:0,log
FN:817,log
FNDA:0,log
FN:821,log
FNDA:0,log
FN:825,log
FNDA:0,log
FN:829,log
FNDA:0,log
FN:833,log
FNDA:0,log
FN:837,log
FNDA:0,log
FN:841,log
FNDA:0,log
FN:845,log
FNDA:0,log
FN:849,log
FNDA:0,log
FN:853,log
FNDA:0,log
FN:857,log
FNDA:0,log
FN:861,log
FNDA:0,log
FN:865,log
FNDA:0,log
FN:869,log
FNDA:0,log
FN:873,log
FNDA:0,log
FN:877,log
FNDA:0,log
FN:881,log
FNDA:0,log
FN:885,log
FNDA:0,log
FN:889,log
FNDA:0,log
FN:893,log
FNDA:0,log
FN:897,log
FNDA:0,log
FN:901,log
FNDA:0,log
FN:905,log
FNDA:0,log
FN:909,log
FNDA:0,log
FN:913,log
FNDA:0,log
FN:917,log
FNDA:0,log
FN:921,log
FNDA:0,log
FN:925,log
FNDA:0,log
FN:929,log
FNDA:0,log
FN:933,log
FNDA:0,log
FN:937,log
FNDA:0,log
FN:941,log
FNDA:0,log
FN:945,log
FNDA:0,log
FN:949,log
FNDA:0,log
FN:953,log
FNDA:0,log
FN:957,log
FNDA:0,log
FN:961,log
FNDA:0,log
FN:965,log
FNDA:0,log
FN:969,log
FNDA:0,log
FN:973,log
FNDA:0,log
FN:977,log
FNDA:0,log
FN:981,log
FNDA:0,log
FN:985,log
FNDA:0,log
FN:989,log
FNDA:0,log
FN:993,log
FNDA:0,log
FN:997,log
FNDA:0,log
FN:1001,log
FNDA:0,log
FN:1005,log
FNDA:0,log
FN:1009,log
FNDA:0,log
FN:1013,log
FNDA:0,log
FN:1017,log
FNDA:0,log
FN:1021,log
FNDA:0,log
FN:1025,log
FNDA:0,log
FN:1029,log
FNDA:0,log
FN:1033,log
FNDA:0,log
FN:1037,log
FNDA:0,log
FN:1041,log
FNDA:0,log
FN:1045,log
FNDA:0,log
FN:1049,log
FNDA:0,log
FN:1053,log
FNDA:0,log
FN:1057,log
FNDA:0,log
FN:1061,log
FNDA:0,log
FN:1065,log
FNDA:0,log
FN:1069,log
FNDA:0,log
FN:1073,log
FNDA:0,log
FN:1077,log
FNDA:0,log
FN:1081,log
FNDA:0,log
FN:1085,log
FNDA:0,log
FN:1089,log
FNDA:0,log
FN:1093,log
FNDA:0,log
FN:1097,log
FNDA:0,log
FN:1101,log
FNDA:0,log
FN:1105,log
FNDA:0,log
FN:1109,log
FNDA:0,log
FN:1113,log
FNDA:0,log
FN:1117,log
FNDA:0,log
FN:1121,log
FNDA:0,log
FN:1125,log
FNDA:0,log
FN:1129,log
FNDA:0,log
FN:1133,log
FNDA:0,log
FN:1137,log
FNDA:0,log
FN:1141,log
FNDA:0,log
FN:1145,log
FNDA:0,log
FN:1149,log
FNDA:0,log
FN:1153,log
FNDA:0,log
FN:1157,log
FNDA:0,log
FN:1161,log
FNDA:0,log
FN:1165,log
FNDA:0,log
FN:1169,log
FNDA:0,log
FN:1173,log
FNDA:0,log
FN:1177,log
FNDA:0,log
FN:1181,log
FNDA:0,log
FN:1185,log
FNDA:0,log
FN:1189,log
FNDA:0,log
FN:1193,log
FNDA:0,log
FN:1197,log
FNDA:0,log
FN:1201,log
FNDA:0,log
FN:1205,log
FNDA:0,log
FN:1209,log
FNDA:0,log
FN:1213,log
FNDA:0,log
FN:1217,log
FNDA:0,log
FN:1221,log
FNDA:0,log
FN:1225,log
FNDA:0,log
FN:1229,log
FNDA:0,log
FN:1233,log
FNDA:0,log
FN:1237,log
FNDA:0,log
FN:1241,log
FNDA:0,log
FN:1245,log
FNDA:0,log
FN:1249,log
FNDA:0,log
FN:1253,log
FNDA:0,log
FN:1257,log
FNDA:0,log
FN:1261,log
FNDA:0,log
FN:1265,log
FNDA:0,log
FN:1269,log
FNDA:0,log
FN:1273,log
FNDA:0,log
FN:1277,log
FNDA:0,log
FN:1281,log
FNDA:0,log
FN:1285,log
FNDA:0,log
FN:1289,log
FNDA:0,log
FN:1293,log
FNDA:0,log
FN:1297,log
FNDA:0,log
FN:1301,log
FNDA:0,log
FN:1305,log
FNDA:0,log
FN:1309,log
FNDA:0,log
FN:1313,log
FNDA:0,log
FN:1317,log
FNDA:0,log
FN:1321,log
FNDA:0,log
FN:1325,log
FNDA:0,log
FN:1329,log
FNDA:0,log
FN:1333,log
FNDA:0,log
FN:1337,log
FNDA:0,log
FN:1341,log
FNDA:0,log
FN:1345,log
FNDA:0,log
FN:1349,log
FNDA:0,log
FN:1353,log
FNDA:0,log
FN:1357,log
FNDA:0,log
FN:1361,log
FNDA:0,log
FN:1365,log
FNDA:0,log
FN:1369,log
FNDA:0,log
FN:1373,log
FNDA:0,log
FN:1377,log
FNDA:0,log
FN:1381,log
FNDA:0,log
FN:1385,log
FNDA:0,log
FN:1389,log
FNDA:0,log
FN:1393,log
FNDA:0,log
FN:1397,log
FNDA:0,log
FN:1401,log
FNDA:0,log
FN:1405,log
FNDA:0,log
FN:1409,log
FNDA:0,log
FN:1413,log
FNDA:0,log
FN:1417,log
FNDA:0,log
FN:1421,log
FNDA:0,log
FN:1425,log
FNDA:0,log
FN:1429,log
FNDA:0,log
FN:1433,log
FNDA:0,log
FN:1437,log
FNDA:0,log
FN:1441,log
FNDA:0,log
FN:1445,log
FNDA:0,log
FN:1449,log
FNDA:0,log
FN:1453,log
FNDA:0,log
FN:1457,log
FNDA:0,log
FN:1461,log
FNDA:0,log
FN:1465,log
FNDA:0,log
FN:1469,log
FNDA:0,log
FN:1473,log
FNDA:0,log
FN:1477,log
FNDA:0,log
FN:1481,log
FNDA:0,log
FN:1485,log
FNDA:0,log
FN:1489,log
FNDA:0,log
FN:1493,log
FNDA:0,log
FN:1497,log
FNDA:0,log
FN:1501,log
FNDA:0,log
FN:1505,log
FNDA:0,log
FN:1509,log
FNDA:0,log
FN:1513,log
FNDA:0,log
FN:1517,log
FNDA:0,log
FN:1521,log
FNDA:0,log
FN:1525,log
FNDA:0,log
FN:1529,log
FNDA:0,log
FN:1533,log
FNDA:0,log
FN:1537,log
FNDA:0,log
FN:1541,log
FNDA:0,log
FN:1545,log
FNDA:0,log
FN:1549,log
FNDA:0,log
FN:1553,log
FNDA:0,log
FN:1557,log
FNDA:0,log
end_of_record
SF:/home/chibyke/dev/GA/fuzz-kittyfi/lib/forge-std/src/console2.sol
end_of_record
SF:/home/chibyke/dev/GA/fuzz-kittyfi/lib/forge-std/src/interfaces/IMulticall3.sol
end_of_record
SF:/home/chibyke/dev/GA/fuzz-kittyfi/lib/forge-std/src/safeconsole.sol
DA:6,12
FN:11,_sendLogPayload
FNDA:0,_sendLogPayload
FN:21,_sendLogPayloadView
FNDA:0,_sendLogPayloadView
FN:28,_memcopy
FNDA:0,_memcopy
FN:38,_memcopyView
FNDA:0,_memcopyView
FN:45,logMemory
FNDA:0,logMemory
FN:99,log
FNDA:0,log
FN:118,log
FNDA:0,log
FN:137,log
FNDA:0,log
FN:156,log
FNDA:0,log
FN:189,log
FNDA:0,log
FN:212,log
FNDA:0,log
FN:235,log
FNDA:0,log
FN:258,log
FNDA:0,log
FN:295,log
FNDA:0,log
FN:318,log
FNDA:0,log
FN:341,log
FNDA:0,log
FN:364,log
FNDA:0,log
FN:401,log
FNDA:0,log
FN:424,log
FNDA:0,log
FN:447,log
FNDA:0,log
FN:470,log
FNDA:0,log
FN:507,log
FNDA:0,log
FN:544,log
FNDA:0,log
FN:581,log
FNDA:0,log
FN:618,log
FNDA:0,log
FN:662,log
FNDA:0,log
FN:689,log
FNDA:0,log
FN:716,log
FNDA:0,log
FN:743,log
FNDA:0,log
FN:784,log
FNDA:0,log
FN:811,log
FNDA:0,log
FN:838,log
FNDA:0,log
FN:865,log
FNDA:0,log
FN:906,log
FNDA:0,log
FN:933,log
FNDA:0,log
FN:960,log
FNDA:0,log
FN:987,log
FNDA:0,log
FN:1028,log
FNDA:0,log
FN:1069,log
FNDA:0,log
FN:1110,log
FNDA:0,log
FN:1151,log
FNDA:0,log
FN:1199,log
FNDA:0,log
FN:1226,log
FNDA:0,log
FN:1253,log
FNDA:0,log
FN:1280,log
FNDA:0,log
FN:1321,log
FNDA:0,log
FN:1348,log
FNDA:0,log
FN:1375,log
FNDA:0,log
FN:1402,log
FNDA:0,log
FN:1443,log
FNDA:0,log
FN:1470,log
FNDA:0,log
FN:1497,log
FNDA:0,log
FN:1524,log
FNDA:0,log
FN:1565,log
FNDA:0,log
FN:1606,log
FNDA:0,log
FN:1647,log
FNDA:0,log
FN:1688,log
FNDA:0,log
FN:1736,log
FNDA:0,log
FN:1763,log
FNDA:0,log
FN:1790,log
FNDA:0,log
FN:1817,log
FNDA:0,log
FN:1858,log
FNDA:0,log
FN:1885,log
FNDA:0,log
FN:1912,log
FNDA:0,log
FN:1939,log
FNDA:0,log
FN:1980,log
FNDA:0,log
FN:2007,log
FNDA:0,log
FN:2034,log
FNDA:0,log
FN:2061,log
FNDA:0,log
FN:2102,log
FNDA:0,log
FN:2143,log
FNDA:0,log
FN:2184,log
FNDA:0,log
FN:2225,log
FNDA:0,log
FN:2273,log
FNDA:0,log
FN:2314,log
FNDA:0,log
FN:2355,log
FNDA:0,log
FN:2396,log
FNDA:0,log
FN:2444,log
FNDA:0,log
FN:2485,log
FNDA:0,log
FN:2526,log
FNDA:0,log
FN:2567,log
FNDA:0,log
FN:2615,log
FNDA:0,log
FN:2656,log
FNDA:0,log
FN:2697,log
FNDA:0,log
FN:2738,log
FNDA:0,log
FN:2786,log
FNDA:0,log
FN:2834,log
FNDA:0,log
FN:2882,log
FNDA:0,log
FN:2930,log
FNDA:0,log
FN:2985,log
FNDA:0,log
FN:3016,log
FNDA:0,log
FN:3047,log
FNDA:0,log
FN:3078,log
FNDA:0,log
FN:3123,log
FNDA:0,log
FN:3154,log
FNDA:0,log
FN:3185,log
FNDA:0,log
FN:3216,log
FNDA:0,log
FN:3261,log
FNDA:0,log
FN:3292,log
FNDA:0,log
FN:3323,log
FNDA:0,log
FN:3354,log
FNDA:0,log
FN:3399,log
FNDA:0,log
FN:3444,log
FNDA:0,log
FN:3489,log
FNDA:0,log
FN:3534,log
FNDA:0,log
FN:3586,log
FNDA:0,log
FN:3617,log
FNDA:0,log
FN:3648,log
FNDA:0,log
FN:3679,log
FNDA:0,log
FN:3724,log
FNDA:0,log
FN:3755,log
FNDA:0,log
FN:3786,log
FNDA:0,log
FN:3817,log
FNDA:0,log
FN:3862,log
FNDA:0,log
FN:3893,log
FNDA:0,log
FN:3924,log
FNDA:0,log
FN:3955,log
FNDA:0,log
FN:4000,log
FNDA:0,log
FN:4045,log
FNDA:0,log
FN:4090,log
FNDA:0,log
FN:4135,log
FNDA:0,log
FN:4187,log
FNDA:0,log
FN:4218,log
FNDA:0,log
FN:4249,log
FNDA:0,log
FN:4280,log
FNDA:0,log
FN:4325,log
FNDA:0,log
FN:4356,log
FNDA:0,log
FN:4387,log
FNDA:0,log
FN:4418,log
FNDA:0,log
FN:4463,log
FNDA:0,log
FN:4494,log
FNDA:0,log
FN:4525,log
FNDA:0,log
FN:4556,log
FNDA:0,log
FN:4601,log
FNDA:0,log
FN:4646,log
FNDA:0,log
FN:4691,log
FNDA:0,log
FN:4736,log
FNDA:0,log
FN:4788,log
FNDA:0,log
FN:4833,log
FNDA:0,log
FN:4878,log
FNDA:0,log
FN:4923,log
FNDA:0,log
FN:4975,log
FNDA:0,log
FN:5020,log
FNDA:0,log
FN:5065,log
FNDA:0,log
FN:5110,log
FNDA:0,log
FN:5162,log
FNDA:0,log
FN:5207,log
FNDA:0,log
FN:5252,log
FNDA:0,log
FN:5297,log
FNDA:0,log
FN:5349,log
FNDA:0,log
FN:5401,log
FNDA:0,log
FN:5453,log
FNDA:0,log
FN:5505,log
FNDA:0,log
FN:5564,log
FNDA:0,log
FN:5595,log
FNDA:0,log
FN:5626,log
FNDA:0,log
FN:5657,log
FNDA:0,log
FN:5702,log
FNDA:0,log
FN:5733,log
FNDA:0,log
FN:5764,log
FNDA:0,log
FN:5795,log
FNDA:0,log
FN:5840,log
FNDA:0,log
FN:5871,log
FNDA:0,log
FN:5902,log
FNDA:0,log
FN:5933,log
FNDA:0,log
FN:5978,log
FNDA:0,log
FN:6023,log
FNDA:0,log
FN:6068,log
FNDA:0,log
FN:6113,log
FNDA:0,log
FN:6165,log
FNDA:0,log
FN:6196,log
FNDA:0,log
FN:6227,log
FNDA:0,log
FN:6258,log
FNDA:0,log
FN:6303,log
FNDA:0,log
FN:6334,log
FNDA:0,log
FN:6365,log
FNDA:0,log
FN:6396,log
FNDA:0,log
FN:6441,log
FNDA:0,log
FN:6472,log
FNDA:0,log
FN:6503,log
FNDA:0,log
FN:6534,log
FNDA:0,log
FN:6579,log
FNDA:0,log
FN:6624,log
FNDA:0,log
FN:6669,log
FNDA:0,log
FN:6714,log
FNDA:0,log
FN:6766,log
FNDA:0,log
FN:6797,log
FNDA:0,log
FN:6828,log
FNDA:0,log
FN:6859,log
FNDA:0,log
FN:6904,log
FNDA:0,log
FN:6935,log
FNDA:0,log
FN:6966,log
FNDA:0,log
FN:6997,log
FNDA:0,log
FN:7042,log
FNDA:0,log
FN:7073,log
FNDA:0,log
FN:7104,log
FNDA:0,log
FN:7135,log
FNDA:0,log
FN:7180,log
FNDA:0,log
FN:7225,log
FNDA:0,log
FN:7270,log
FNDA:0,log
FN:7315,log
FNDA:0,log
FN:7367,log
FNDA:0,log
FN:7412,log
FNDA:0,log
FN:7457,log
FNDA:0,log
FN:7502,log
FNDA:0,log
FN:7554,log
FNDA:0,log
FN:7599,log
FNDA:0,log
FN:7644,log
FNDA:0,log
FN:7689,log
FNDA:0,log
FN:7741,log
FNDA:0,log
FN:7786,log
FNDA:0,log
FN:7831,log
FNDA:0,log
FN:7876,log
FNDA:0,log
FN:7928,log
FNDA:0,log
FN:7980,log
FNDA:0,log
FN:8032,log
FNDA:0,log
FN:8084,log
FNDA:0,log
FN:8143,log
FNDA:0,log
FN:8174,log
FNDA:0,log
FN:8205,log
FNDA:0,log
FN:8236,log
FNDA:0,log
FN:8281,log
FNDA:0,log
FN:8312,log
FNDA:0,log
FN:8343,log
FNDA:0,log
FN:8374,log
FNDA:0,log
FN:8419,log
FNDA:0,log
FN:8450,log
FNDA:0,log
FN:8481,log
FNDA:0,log
FN:8512,log
FNDA:0,log
FN:8557,log
FNDA:0,log
FN:8602,log
FNDA:0,log
FN:8647,log
FNDA:0,log
FN:8692,log
FNDA:0,log
FN:8744,log
FNDA:0,log
FN:8775,log
FNDA:0,log
FN:8806,log
FNDA:0,log
FN:8837,log
FNDA:0,log
FN:8882,log
FNDA:0,log
FN:8913,log
FNDA:0,log
FN:8944,log
FNDA:0,log
FN:8975,log
FNDA:0,log
FN:9020,log
FNDA:0,log
FN:9051,log
FNDA:0,log
FN:9082,log
FNDA:0,log
FN:9113,log
FNDA:0,log
FN:9158,log
FNDA:0,log
FN:9203,log
FNDA:0,log
FN:9248,log
FNDA:0,log
FN:9293,log
FNDA:0,log
FN:9345,log
FNDA:0,log
FN:9376,log
FNDA:0,log
FN:9407,log
FNDA:0,log
FN:9438,log
FNDA:0,log
FN:9483,log
FNDA:0,log
FN:9514,log
FNDA:0,log
FN:9545,log
FNDA:0,log
FN:9576,log
FNDA:0,log
FN:9621,log
FNDA:0,log
FN:9652,log
FNDA:0,log
FN:9683,log
FNDA:0,log
FN:9714,log
FNDA:0,log
FN:9759,log
FNDA:0,log
FN:9804,log
FNDA:0,log
FN:9849,log
FNDA:0,log
FN:9894,log
FNDA:0,log
FN:9946,log
FNDA:0,log
FN:9991,log
FNDA:0,log
FN:10036,log
FNDA:0,log
FN:10081,log
FNDA:0,log
FN:10133,log
FNDA:0,log
FN:10178,log
FNDA:0,log
FN:10223,log
FNDA:0,log
FN:10268,log
FNDA:0,log
FN:10320,log
FNDA:0,log
FN:10365,log
FNDA:0,log
FN:10410,log
FNDA:0,log
FN:10455,log
FNDA:0,log
FN:10507,log
FNDA:0,log
FN:10559,log
FNDA:0,log
FN:10611,log
FNDA:0,log
FN:10663,log
FNDA:0,log
FN:10722,log
FNDA:0,log
FN:10767,log
FNDA:0,log
FN:10812,log
FNDA:0,log
FN:10857,log
FNDA:0,log
FN:10909,log
FNDA:0,log
FN:10954,log
FNDA:0,log
FN:10999,log
FNDA:0,log
FN:11044,log
FNDA:0,log
FN:11096,log
FNDA:0,log
FN:11141,log
FNDA:0,log
FN:11186,log
FNDA:0,log
FN:11231,log
FNDA:0,log
FN:11283,log
FNDA:0,log
FN:11335,log
FNDA:0,log
FN:11387,log
FNDA:0,log
FN:11439,log
FNDA:0,log
FN:11498,log
FNDA:0,log
FN:11543,log
FNDA:0,log
FN:11588,log
FNDA:0,log
FN:11633,log
FNDA:0,log
FN:11685,log
FNDA:0,log
FN:11730,log
FNDA:0,log
FN:11775,log
FNDA:0,log
FN:11820,log
FNDA:0,log
FN:11872,log
FNDA:0,log
FN:11917,log
FNDA:0,log
FN:11962,log
FNDA:0,log
FN:12007,log
FNDA:0,log
FN:12059,log
FNDA:0,log
FN:12111,log
FNDA:0,log
FN:12163,log
FNDA:0,log
FN:12215,log
FNDA:0,log
FN:12274,log
FNDA:0,log
FN:12319,log
FNDA:0,log
FN:12364,log
FNDA:0,log
FN:12409,log
FNDA:0,log
FN:12461,log
FNDA:0,log
FN:12506,log
FNDA:0,log
FN:12551,log
FNDA:0,log
FN:12596,log
FNDA:0,log
FN:12648,log
FNDA:0,log
FN:12693,log
FNDA:0,log
FN:12738,log
FNDA:0,log
FN:12783,log
FNDA:0,log
FN:12835,log
FNDA:0,log
FN:12887,log
FNDA:0,log
FN:12939,log
FNDA:0,log
FN:12991,log
FNDA:0,log
FN:13050,log
FNDA:0,log
FN:13102,log
FNDA:0,log
FN:13154,log
FNDA:0,log
FN:13206,log
FNDA:0,log
FN:13265,log
FNDA:0,log
FN:13317,log
FNDA:0,log
FN:13369,log
FNDA:0,log
FN:13421,log
FNDA:0,log
FN:13480,log
FNDA:0,log
FN:13532,log
FNDA:0,log
FN:13584,log
FNDA:0,log
FN:13636,log
FNDA:0,log
FN:13695,log
FNDA:0,log
FN:13754,log
FNDA:0,log
FN:13813,log
FNDA:0,log
FN:13872,log
FNDA:0,log
end_of_record
SF:/home/chibyke/dev/GA/fuzz-kittyfi/lib/openzeppelin-contracts/contracts/interfaces/draft-IERC6093.sol
end_of_record
SF:/home/chibyke/dev/GA/fuzz-kittyfi/lib/openzeppelin-contracts/contracts/mocks/token/ERC20Mock.sol
DA:7,1
DA:10,20483
DA:14,0
FN:9,mint
FNDA:1,mint
FN:13,burn
FNDA:0,burn
end_of_record
SF:/home/chibyke/dev/GA/fuzz-kittyfi/lib/openzeppelin-contracts/contracts/token/ERC20/ERC20.sol
DA:51,1
DA:52,1
DA:58,0
DA:59,0
DA:66,0
DA:67,0
DA:83,0
DA:84,0
DA:90,0
DA:91,0
DA:97,0
DA:98,0
DA:109,0
DA:110,0
DA:111,0
DA:112,0
DA:118,0
DA:119,0
DA:132,20483
DA:133,20483
DA:134,20483
DA:135,20483
DA:154,0
DA:155,0
DA:156,0
DA:157,0
DA:158,0
DA:172,0
DA:173,0
DA:175,0
DA:176,0
DA:178,0
DA:189,20483
DA:191,20483
DA:193,0
DA:194,0
DA:195,0
DA:199,0
DA:203,20483
DA:206,0
DA:211,20483
DA:215,20483
DA:227,20483
DA:228,0
DA:230,20483
DA:242,0
DA:243,0
DA:245,0
DA:264,20483
DA:285,20483
DA:286,0
DA:288,20483
DA:289,0
DA:291,20483
DA:293,20483
DA:306,0
DA:307,61449
DA:308,0
DA:309,0
DA:312,0
FN:58,name
FNDA:0,name
FN:66,symbol
FNDA:0,symbol
FN:83,decimals
FNDA:0,decimals
FN:90,totalSupply
FNDA:0,totalSupply
FN:97,balanceOf
FNDA:0,balanceOf
FN:109,transfer
FNDA:0,transfer
FN:118,allowance
FNDA:0,allowance
FN:132,approve
FNDA:1,approve
FN:154,transferFrom
FNDA:0,transferFrom
FN:171,_transfer
FNDA:0,_transfer
FN:188,_update
FNDA:1,_update
FN:226,_mint
FNDA:1,_mint
FN:241,_burn
FNDA:0,_burn
FN:263,_approve
FNDA:1,_approve
FN:284,_approve
FNDA:1,_approve
FN:305,_spendAllowance
FNDA:1,_spendAllowance
end_of_record
SF:/home/chibyke/dev/GA/fuzz-kittyfi/lib/openzeppelin-contracts/contracts/token/ERC20/IERC20.sol
end_of_record
SF:/home/chibyke/dev/GA/fuzz-kittyfi/lib/openzeppelin-contracts/contracts/token/ERC20/extensions/IERC20Metadata.sol
end_of_record
SF:/home/chibyke/dev/GA/fuzz-kittyfi/lib/openzeppelin-contracts/contracts/token/ERC20/extensions/IERC20Permit.sol
end_of_record
SF:/home/chibyke/dev/GA/fuzz-kittyfi/lib/openzeppelin-contracts/contracts/token/ERC20/utils/SafeERC20.sol
DA:19,12
DA:37,0
DA:45,0
DA:96,0
DA:97,0
DA:98,0
FN:36,safeTransfer
FNDA:0,safeTransfer
FN:44,safeTransferFrom
FNDA:0,safeTransferFrom
FN:52,safeIncreaseAllowance
FNDA:0,safeIncreaseAllowance
FN:61,safeDecreaseAllowance
FNDA:0,safeDecreaseAllowance
FN:76,forceApprove
FNDA:0,forceApprove
FN:91,_callOptionalReturn
FNDA:0,_callOptionalReturn
FN:110,_callOptionalReturnBool
FNDA:0,_callOptionalReturnBool
end_of_record
SF:/home/chibyke/dev/GA/fuzz-kittyfi/lib/openzeppelin-contracts/contracts/utils/Address.sol
DA:9,12
DA:70,0
DA:71,0
DA:83,0
DA:84,0
DA:85,0
DA:87,0
DA:88,0
DA:118,0
DA:119,0
DA:120,0
DA:124,0
DA:125,0
DA:127,0
DA:148,0
DA:151,0
DA:156,0
FN:41,sendValue
FNDA:0,sendValue
FN:70,functionCall
FNDA:0,functionCall
FN:83,functionCallWithValue
FNDA:0,functionCallWithValue
FN:95,functionStaticCall
FNDA:0,functionStaticCall
FN:104,functionDelegateCall
FNDA:0,functionDelegateCall
FN:114,verifyCallResultFromTarget
FNDA:0,verifyCallResultFromTarget
FN:135,verifyCallResult
FNDA:0,verifyCallResult
FN:146,_revert
FNDA:0,_revert
end_of_record
SF:/home/chibyke/dev/GA/fuzz-kittyfi/lib/openzeppelin-contracts/contracts/utils/Context.sol
DA:17,20483
DA:18,20483
FN:17,_msgSender
FNDA:1,_msgSender
FN:21,_msgData
FNDA:0,_msgData
FN:25,_contextSuffixLength
FNDA:0,_contextSuffixLength
end_of_record
SF:/home/chibyke/dev/GA/fuzz-kittyfi/lib/openzeppelin-contracts/contracts/utils/math/Math.sol
DA:9,12
DA:88,0
DA:89,0
DA:123,0
DA:128,0
DA:129,0
DA:130,0
DA:136,0
DA:140,0
DA:144,0
DA:145,0
DA:153,0
DA:154,0
DA:166,0
DA:167,0
DA:179,0
DA:184,0
DA:188,0
DA:189,0
DA:190,0
DA:191,0
DA:192,0
DA:193,0
DA:199,0
DA:200,0
FN:25,tryAdd
FNDA:0,tryAdd
FN:36,trySub
FNDA:0,trySub
FN:46,tryMul
FNDA:0,tryMul
FN:61,tryDiv
FNDA:0,tryDiv
FN:71,tryMod
FNDA:0,tryMod
FN:81,max
FNDA:0,max
FN:88,min
FNDA:0,min
FN:96,average
FNDA:0,average
FN:107,ceilDiv
FNDA:0,ceilDiv
FN:123,mulDiv
FNDA:0,mulDiv
FN:207,mulDiv
FNDA:0,mulDiv
FN:221,sqrt
FNDA:0,sqrt
FN:257,sqrt
FNDA:0,sqrt
FN:268,log2
FNDA:0,log2
FN:310,log2
FNDA:0,log2
FN:321,log10
FNDA:0,log10
FN:359,log10
FNDA:0,log10
FN:372,log256
FNDA:0,log256
FN:402,log256
FNDA:0,log256
FN:412,unsignedRoundsUp
FNDA:0,unsignedRoundsUp
end_of_record
SF:/home/chibyke/dev/GA/fuzz-kittyfi/script/DeployKittyFi.s.sol
DA:11,0
DA:12,0
DA:13,0
DA:14,0
DA:16,0
DA:17,0
DA:18,0
DA:19,0
DA:21,0
DA:22,0
DA:24,0
FN:12,run
FNDA:0,run
end_of_record
SF:/home/chibyke/dev/GA/fuzz-kittyfi/script/HelperConfig.s.sol
DA:22,1
DA:25,1
DA:27,1
DA:28,1
DA:29,1
DA:30,1
DA:31,1
DA:32,1
DA:33,1
DA:34,1
DA:38,1
DA:39,1
FN:25,getSepoliaConfig
FNDA:1,getSepoliaConfig
FN:38,getNetworkConfig
FNDA:1,getNetworkConfig
end_of_record
SF:/home/chibyke/dev/GA/fuzz-kittyfi/src/KittyCoin.sol
DA:13,0
DA:14,0
DA:17,1
DA:18,1
DA:22,0
DA:26,0
FN:21,mint
FNDA:0,mint
FN:25,burn
FNDA:0,burn
end_of_record
SF:/home/chibyke/dev/GA/fuzz-kittyfi/src/KittyPool.sol
DA:34,0
DA:35,0
DA:36,0
DA:37,0
DA:40,1
DA:41,1
DA:45,20483
DA:46,20483
DA:56,1
DA:57,1
DA:58,1
DA:59,1
DA:69,1
DA:72,1
DA:73,1
DA:77,1
DA:78,1
DA:86,20483
DA:87,0
DA:95,0
DA:96,0
DA:97,0
DA:105,0
DA:106,0
DA:107,0
DA:116,0
DA:117,0
DA:124,0
DA:125,0
DA:126,0
DA:128,0
DA:129,0
DA:131,0
DA:133,0
DA:135,0
DA:136,0
DA:138,0
DA:141,0
DA:143,0
DA:144,0
DA:145,0
DA:146,0
DA:147,0
DA:149,0
DA:150,0
DA:151,0
DA:153,0
DA:156,0
DA:166,0
DA:167,0
DA:168,0
DA:170,0
DA:178,0
DA:179,0
DA:181,0
DA:182,0
DA:185,0
DA:190,0
DA:191,0
DA:194,9998
DA:195,9998
DA:198,9999
DA:199,9999
DA:202,9999
DA:203,9999
DA:206,0
DA:207,0
FN:68,meownufactureKittyVault
FNDA:1,meownufactureKittyVault
FN:86,depawsitMeowllateral
FNDA:1,depawsitMeowllateral
FN:95,whiskdrawMeowllateral
FNDA:0,whiskdrawMeowllateral
FN:104,meowintKittyCoin
FNDA:0,meowintKittyCoin
FN:115,burnKittyCoin
FNDA:0,burnKittyCoin
FN:124,purrgeBadPawsition
FNDA:0,purrgeBadPawsition
FN:166,_hasEnoughMeowllateral
FNDA:0,_hasEnoughMeowllateral
FN:178,getUserMeowllateralInEuros
FNDA:0,getUserMeowllateralInEuros
FN:190,getAavePool
FNDA:0,getAavePool
FN:194,getMeowntainer
FNDA:1,getMeowntainer
FN:198,getKittyCoin
FNDA:1,getKittyCoin
FN:202,getTokenToVault
FNDA:1,getTokenToVault
FN:206,getKittyCoinMeownted
FNDA:0,getKittyCoinMeownted
end_of_record
SF:/home/chibyke/dev/GA/fuzz-kittyfi/src/KittyVault.sol
DA:19,0
DA:20,0
DA:21,0
DA:22,0
DA:23,0
DA:24,0
DA:25,0
DA:29,0
DA:30,0
DA:32,0
DA:33,0
DA:36,0
DA:37,0
DA:41,0
DA:42,0
DA:62,1
DA:63,1
DA:64,1
DA:65,1
DA:66,1
DA:67,1
DA:75,0
DA:76,0
DA:78,0
DA:79,0
DA:81,0
DA:84,0
DA:85,0
DA:86,0
DA:88,0
DA:96,0
DA:97,0
DA:98,0
DA:99,0
DA:101,0
DA:113,0
DA:114,0
DA:115,0
DA:123,0
DA:124,0
DA:131,0
DA:132,0
DA:133,0
DA:135,0
DA:136,0
DA:143,0
DA:144,0
DA:145,0
DA:151,0
DA:152,0
DA:158,0
DA:159,0
DA:161,0
DA:162,0
FN:74,executeDepawsit
FNDA:0,executeDepawsit
FN:95,executeWhiskdrawal
FNDA:0,executeWhiskdrawal
FN:112,purrrCollateralToAave
FNDA:0,purrrCollateralToAave
FN:122,purrrCollateralFromAave
FNDA:0,purrrCollateralFromAave
FN:131,getUserVaultMeowllateralInEuros
FNDA:0,getUserVaultMeowllateralInEuros
FN:143,getUserMeowllateral
FNDA:0,getUserMeowllateral
FN:151,getTotalMeowllateral
FNDA:0,getTotalMeowllateral
FN:158,getTotalMeowllateralInAave
FNDA:0,getTotalMeowllateralInAave
end_of_record
SF:/home/chibyke/dev/GA/fuzz-kittyfi/src/interfaces/IAavePool.sol
end_of_record
SF:/home/chibyke/dev/GA/fuzz-kittyfi/src/interfaces/IKittyVault.sol
end_of_record
SF:/home/chibyke/dev/GA/fuzz-kittyfi/test/KittyFiTest.t.sol
DA:20,0
DA:21,0
DA:22,0
DA:25,0
DA:26,0
DA:27,0
DA:28,0
DA:30,0
DA:32,0
DA:33,0
DA:35,0
DA:36,0
DA:40,0
DA:41,0
DA:42,0
DA:43,0
DA:47,0
DA:49,0
DA:50,0
DA:51,0
DA:53,0
DA:54,0
DA:55,0
DA:60,0
DA:62,0
DA:63,0
DA:65,0
DA:67,0
DA:69,0
DA:71,0
DA:72,0
DA:73,0
DA:74,0
DA:75,0
DA:76,0
DA:77,0
DA:81,0
DA:83,0
DA:85,0
DA:86,0
DA:88,0
DA:90,0
DA:91,0
DA:92,0
DA:93,0
DA:97,0
DA:98,0
DA:100,0
DA:102,0
DA:103,0
DA:105,0
DA:107,0
DA:109,0
DA:113,0
DA:115,0
DA:117,0
DA:118,0
DA:120,0
DA:123,0
DA:125,0
DA:127,0
DA:129,0
DA:131,0
DA:132,0
DA:133,0
DA:134,0
DA:136,0
DA:140,0
DA:141,0
DA:143,0
DA:145,0
DA:146,0
DA:148,0
DA:150,0
DA:153,0
DA:155,0
DA:156,0
DA:158,0
DA:162,0
DA:163,0
DA:164,0
DA:165,0
DA:166,0
DA:167,0
DA:171,0
DA:174,0
DA:176,0
DA:177,0
DA:179,0
DA:181,0
DA:183,0
DA:187,0
DA:190,0
DA:192,0
DA:193,0
DA:197,0
DA:198,0
DA:200,0
DA:202,0
FN:24,setUp
FNDA:0,setUp
FN:39,testConstructorValuesSetUpCorrectly
FNDA:0,testConstructorValuesSetUpCorrectly
FN:46,test_OnlyMeowntainCanAddNewToken
FNDA:0,test_OnlyMeowntainCanAddNewToken
FN:58,test_MeowntainerAddingTokenSetUpCorrectly
FNDA:0,test_MeowntainerAddingTokenSetUpCorrectly
FN:80,test_UserDepositsInVault
FNDA:0,test_UserDepositsInVault
FN:96,test_UserDepositsAndMintsKittyCoin
FNDA:0,test_UserDepositsAndMintsKittyCoin
FN:112,test_UserWithdrawCollateral
FNDA:0,test_UserWithdrawCollateral
FN:139,test_BurningKittyCoin
FNDA:0,test_BurningKittyCoin
FN:170,test_supplyingCollateralToAave
FNDA:0,test_supplyingCollateralToAave
FN:186,test_supplyAndWithdrawCollateralFromAave
FNDA:0,test_supplyAndWithdrawCollateralFromAave
end_of_record
SF:/home/chibyke/dev/GA/fuzz-kittyfi/test/invariants/FuzzKittyFi.sol
DA:18,1
DA:26,1
DA:29,1
DA:30,1
DA:31,1
DA:32,1
DA:34,1
DA:36,1
DA:37,1
DA:39,1
DA:40,1
DA:48,9998
DA:49,9998
DA:50,9998
DA:51,0
DA:55,20483
DA:57,20483
DA:58,20483
DA:59,20483
DA:60,0
DA:62,0
DA:64,0
FN:47,test_constructor_is_set_up_correctly
FNDA:1,test_constructor_is_set_up_correctly
FN:54,test_user_deposits_and_mints_kitty_coin
FNDA:1,test_user_deposits_and_mints_kitty_coin
end_of_record
SF:/home/chibyke/dev/GA/fuzz-kittyfi/test/invariants/utils/IStdCheats.sol
end_of_record
